d:\desktop\trenutniprogrami\oop-projektni-zadatak\oop-projektni-zadatak\x64\debug\vc143.pdb
d:\desktop\trenutniprogrami\oop-projektni-zadatak\oop-projektni-zadatak\x64\debug\vc143.idb
d:\desktop\trenutniprogrami\oop-projektni-zadatak\oop-projektni-zadatak\x64\debug\traffic.obj
d:\desktop\trenutniprogrami\oop-projektni-zadatak\oop-projektni-zadatak\x64\debug\testcommand.obj
d:\desktop\trenutniprogrami\oop-projektni-zadatak\oop-projektni-zadatak\x64\debug\terminal.obj
d:\desktop\trenutniprogrami\oop-projektni-zadatak\oop-projektni-zadatak\x64\debug\station.obj
d:\desktop\trenutniprogrami\oop-projektni-zadatak\oop-projektni-zadatak\x64\debug\stringtrimmer.obj
d:\desktop\trenutniprogrami\oop-projektni-zadatak\oop-projektni-zadatak\x64\debug\command.obj
d:\desktop\trenutniprogrami\oop-projektni-zadatak\oop-projektni-zadatak\x64\debug\showtourcommand.obj
d:\desktop\trenutniprogrami\oop-projektni-zadatak\oop-projektni-zadatak\x64\debug\showstationcommand.obj
d:\desktop\trenutniprogrami\oop-projektni-zadatak\oop-projektni-zadatak\x64\debug\showpathcommand.obj
d:\desktop\trenutniprogrami\oop-projektni-zadatak\oop-projektni-zadatak\x64\debug\showlinecommand.obj
d:\desktop\trenutniprogrami\oop-projektni-zadatak\oop-projektni-zadatak\x64\debug\notloadedcommand.obj
d:\desktop\trenutniprogrami\oop-projektni-zadatak\oop-projektni-zadatak\x64\debug\main.obj
d:\desktop\trenutniprogrami\oop-projektni-zadatak\oop-projektni-zadatak\x64\debug\loadingcommand.obj
d:\desktop\trenutniprogrami\oop-projektni-zadatak\oop-projektni-zadatak\x64\debug\loadedcommand.obj
d:\desktop\trenutniprogrami\oop-projektni-zadatak\oop-projektni-zadatak\x64\debug\line.obj
d:\desktop\trenutniprogrami\oop-projektni-zadatak\oop-projektni-zadatak\x64\debug\exception.obj
d:\desktop\trenutniprogrami\oop-projektni-zadatak\oop-projektni-zadatak\x64\debug\deletestationcommand.obj
d:\desktop\trenutniprogrami\oop-projektni-zadatak\oop-projektni-zadatak\x64\debug\commandmanager.obj
d:\desktop\trenutniprogrami\oop-projektni-zadatak\x64\debug\oop-projektni-zadatak.pdb
d:\desktop\trenutniprogrami\oop-projektni-zadatak\oop-projektni-zadatak\x64\debug\oop-proj.eb7b70b6.tlog\cl.command.1.tlog
d:\desktop\trenutniprogrami\oop-projektni-zadatak\oop-projektni-zadatak\x64\debug\oop-proj.eb7b70b6.tlog\cl.read.1.tlog
d:\desktop\trenutniprogrami\oop-projektni-zadatak\oop-projektni-zadatak\x64\debug\oop-proj.eb7b70b6.tlog\cl.write.1.tlog
d:\desktop\trenutniprogrami\oop-projektni-zadatak\oop-projektni-zadatak\x64\debug\oop-proj.eb7b70b6.tlog\link-cvtres.read.1.tlog
d:\desktop\trenutniprogrami\oop-projektni-zadatak\oop-projektni-zadatak\x64\debug\oop-proj.eb7b70b6.tlog\link-cvtres.write.1.tlog
d:\desktop\trenutniprogrami\oop-projektni-zadatak\oop-projektni-zadatak\x64\debug\oop-proj.eb7b70b6.tlog\link-rc.read.1.tlog
d:\desktop\trenutniprogrami\oop-projektni-zadatak\oop-projektni-zadatak\x64\debug\oop-proj.eb7b70b6.tlog\link-rc.write.1.tlog
d:\desktop\trenutniprogrami\oop-projektni-zadatak\oop-projektni-zadatak\x64\debug\oop-proj.eb7b70b6.tlog\link.command.1.tlog
d:\desktop\trenutniprogrami\oop-projektni-zadatak\oop-projektni-zadatak\x64\debug\oop-proj.eb7b70b6.tlog\link.read.1.tlog
d:\desktop\trenutniprogrami\oop-projektni-zadatak\oop-projektni-zadatak\x64\debug\oop-proj.eb7b70b6.tlog\link.read.3.tlog
d:\desktop\trenutniprogrami\oop-projektni-zadatak\oop-projektni-zadatak\x64\debug\oop-proj.eb7b70b6.tlog\link.write.1.tlog
